<?xml version="1.0" encoding="UTF-8"?>
<!-- Generated by org.testng.reporters.JUnitReportReporter -->
<testsuite hostname="Dell_16_Nuwan" failures="0" tests="3" name="nTech.SeleniumFrameworkDesign.SubmitOrderTest" time="35.985" errors="0" timestamp="17 Jul 2023 20:31:30 GMT" skipped="0">
  <testcase classname="nTech.SeleniumFrameworkDesign.SubmitOrderTest" name="submitOrder" time="16.768"/>
  <testcase classname="nTech.SeleniumFrameworkDesign.SubmitOrderTest" name="OrderHistoryTest" time="6.427"/>
  <testcase classname="nTech.SeleniumFrameworkDesign.SubmitOrderTest" name="submitOrder" time="12.790"/>
</testsuite> <!-- nTech.SeleniumFrameworkDesign.SubmitOrderTest -->
