<?xml version="1.0" encoding="UTF-8"?>
<!-- Generated by org.testng.reporters.JUnitReportReporter -->
<testsuite hostname="Dell_16_Nuwan" failures="0" tests="3" name="nTech.SeleniumFrameworkDesign.SubmitOrderTest" time="32.118" errors="0" timestamp="14 Aug 2023 14:41:39 GMT" skipped="0">
  <testcase classname="nTech.SeleniumFrameworkDesign.SubmitOrderTest" name="submitOrder" time="10.756"/>
  <testcase classname="nTech.SeleniumFrameworkDesign.SubmitOrderTest" name="submitOrder" time="13.429"/>
  <testcase classname="nTech.SeleniumFrameworkDesign.SubmitOrderTest" name="OrderHistoryTest" time="7.933"/>
</testsuite> <!-- nTech.SeleniumFrameworkDesign.SubmitOrderTest -->
