<?xml version="1.0" encoding="UTF-8"?>
<!-- Generated by org.testng.reporters.JUnitReportReporter -->
<testsuite hostname="Dell_16_Nuwan" failures="0" tests="1" name="cucumber.TestNGTestRunner" time="12.029" errors="0" timestamp="17 Aug 2023 14:22:37 GMT" skipped="0">
  <testcase classname="cucumber.TestNGTestRunner" name="runScenario" time="12.029"/>
</testsuite> <!-- cucumber.TestNGTestRunner -->
