<?xml version="1.0" encoding="UTF-8"?>
<!-- Generated by org.testng.reporters.JUnitReportReporter -->
<testsuite hostname="HP-Envy-X360" failures="0" tests="2" name="nTech.SeleniumFrameworkDesign.ErrorValidations" time="19.767" errors="0" timestamp="31 May 2023 19:31:19 GMT" skipped="0">
  <testcase classname="nTech.SeleniumFrameworkDesign.ErrorValidations" name="ProductErrorValidation" time="10.703"/>
  <testcase classname="nTech.SeleniumFrameworkDesign.ErrorValidations" name="LoginErrorValidation" time="9.064"/>
</testsuite> <!-- nTech.SeleniumFrameworkDesign.ErrorValidations -->
