<?xml version="1.0" encoding="UTF-8"?>
<!-- Generated by org.testng.reporters.JUnitReportReporter -->
<testsuite hostname="Dell_16_Nuwan" failures="0" tests="3" name="nTech.SeleniumFrameworkDesign.SubmitOrderTest" time="33.382" errors="0" timestamp="20 Jul 2023 03:04:53 GMT" skipped="0">
  <testcase classname="nTech.SeleniumFrameworkDesign.SubmitOrderTest" name="submitOrder" time="13.709"/>
  <testcase classname="nTech.SeleniumFrameworkDesign.SubmitOrderTest" name="submitOrder" time="11.026"/>
  <testcase classname="nTech.SeleniumFrameworkDesign.SubmitOrderTest" name="OrderHistoryTest" time="8.647"/>
</testsuite> <!-- nTech.SeleniumFrameworkDesign.SubmitOrderTest -->
