<?xml version="1.0" encoding="UTF-8"?>
<!-- Generated by org.testng.reporters.JUnitReportReporter -->
<testsuite hostname="HP-Envy-X360" failures="0" tests="2" name="nTech.SeleniumFrameworkDesign.SubmitOrderTest" time="29.332" errors="0" timestamp="12 Jul 2023 01:11:55 GMT" skipped="0">
  <testcase classname="nTech.SeleniumFrameworkDesign.SubmitOrderTest" name="submitOrder" time="18.356"/>
  <testcase classname="nTech.SeleniumFrameworkDesign.SubmitOrderTest" name="submitOrder" time="10.976"/>
</testsuite> <!-- nTech.SeleniumFrameworkDesign.SubmitOrderTest -->
