<?xml version="1.0" encoding="UTF-8"?>
<!-- Generated by org.testng.reporters.JUnitReportReporter -->
<testsuite hostname="HP-Envy-X360" failures="0" tests="2" name="nTech.SeleniumFrameworkDesign.ErrorValidationsTest" time="20.065" errors="0" timestamp="26 Jun 2023 19:30:58 GMT" skipped="0">
  <testcase classname="nTech.SeleniumFrameworkDesign.ErrorValidationsTest" name="ProductErrorValidation" time="14.048"/>
  <testcase classname="nTech.SeleniumFrameworkDesign.ErrorValidationsTest" name="LoginErrorValidation" time="6.017"/>
</testsuite> <!-- nTech.SeleniumFrameworkDesign.ErrorValidationsTest -->
