<?xml version="1.0" encoding="UTF-8"?>
<!-- Generated by org.testng.reporters.JUnitReportReporter -->
<testsuite hostname="Dell_16_Nuwan" failures="0" tests="3" name="nTech.SeleniumFrameworkDesign.SubmitOrderTest" time="38.438" errors="0" timestamp="31 Jul 2023 18:31:45 GMT" skipped="0">
  <testcase classname="nTech.SeleniumFrameworkDesign.SubmitOrderTest" name="submitOrder" time="16.630"/>
  <testcase classname="nTech.SeleniumFrameworkDesign.SubmitOrderTest" name="OrderHistoryTest" time="10.045"/>
  <testcase classname="nTech.SeleniumFrameworkDesign.SubmitOrderTest" name="submitOrder" time="11.763"/>
</testsuite> <!-- nTech.SeleniumFrameworkDesign.SubmitOrderTest -->
