<?xml version="1.0" encoding="UTF-8"?>
<!-- Generated by org.testng.reporters.JUnitReportReporter -->
<testsuite hostname="Dell_16_Nuwan" failures="0" tests="3" name="nTech.SeleniumFrameworkDesign.SubmitOrderTest" time="39.352" errors="0" timestamp="23 Jul 2023 04:19:38 GMT" skipped="0">
  <testcase classname="nTech.SeleniumFrameworkDesign.SubmitOrderTest" name="submitOrder" time="14.040"/>
  <testcase classname="nTech.SeleniumFrameworkDesign.SubmitOrderTest" name="submitOrder" time="15.593"/>
  <testcase classname="nTech.SeleniumFrameworkDesign.SubmitOrderTest" name="OrderHistoryTest" time="9.719"/>
</testsuite> <!-- nTech.SeleniumFrameworkDesign.SubmitOrderTest -->
