<?xml version="1.0" encoding="UTF-8"?>
<!-- Generated by org.testng.reporters.JUnitReportReporter -->
<testsuite skipped="0" hostname="Dell_16_Nuwan" name="nTech.SeleniumFrameworkDesign.SubmitOrderTest" tests="3" failures="0" timestamp="31 Jul 2023 19:06:46 GMT" time="39.771" errors="0">
  <testcase name="OrderHistoryTest" time="10.279" classname="nTech.SeleniumFrameworkDesign.SubmitOrderTest"/>
  <testcase name="submitOrder" time="13.741" classname="nTech.SeleniumFrameworkDesign.SubmitOrderTest"/>
  <testcase name="submitOrder" time="15.751" classname="nTech.SeleniumFrameworkDesign.SubmitOrderTest"/>
</testsuite> <!-- nTech.SeleniumFrameworkDesign.SubmitOrderTest -->
