<?xml version="1.0" encoding="UTF-8"?>
<!-- Generated by org.testng.reporters.JUnitReportReporter -->
<testsuite skipped="0" hostname="Dell_16_Nuwan" name="cucumber.TestNGTestRunner" tests="1" failures="0" timestamp="17 Aug 2023 15:22:24 GMT" time="17.303" errors="0">
  <testcase name="runScenario" time="17.303" classname="cucumber.TestNGTestRunner"/>
</testsuite> <!-- cucumber.TestNGTestRunner -->
